<?xml version="1.0" encoding="UTF-8"?>
<testng-results ignored="0" total="1" passed="1" failed="0" skipped="0">
  <reporter-output>
  </reporter-output>
  <suite started-at="2022-03-06T21:34:27 IST" name="Default suite" finished-at="2022-03-06T21:34:38 IST" duration-ms="11029">
    <groups>
    </groups>
    <test started-at="2022-03-06T21:34:27 IST" name="Default test" finished-at="2022-03-06T21:34:38 IST" duration-ms="11029">
      <class name="example.NewTest">
        <test-method is-config="true" signature="beforeTest()[pri:0, instance:example.NewTest@2c35e847]" started-at="2022-03-06T21:34:27 IST" name="beforeTest" finished-at="2022-03-06T21:34:33 IST" duration-ms="5322" status="PASS">
          <reporter-output>
          </reporter-output>
        </test-method> <!-- beforeTest -->
        <test-method signature="testEasy()[pri:0, instance:example.NewTest@2c35e847]" started-at="2022-03-06T21:34:33 IST" name="testEasy" finished-at="2022-03-06T21:34:38 IST" duration-ms="5543" status="PASS">
          <reporter-output>
          </reporter-output>
        </test-method> <!-- testEasy -->
        <test-method is-config="true" signature="afterTest()[pri:0, instance:example.NewTest@2c35e847]" started-at="2022-03-06T21:34:38 IST" name="afterTest" finished-at="2022-03-06T21:34:38 IST" duration-ms="141" status="PASS">
          <reporter-output>
          </reporter-output>
        </test-method> <!-- afterTest -->
      </class> <!-- example.NewTest -->
    </test> <!-- Default test -->
  </suite> <!-- Default suite -->
</testng-results>
